<?xml version="1.0" encoding="UTF-8"?>
<!-- Generated by org.testng.reporters.JUnitXMLReporter -->
<testsuite ignored="0" hostname="Admin-PC" failures="0" tests="4" name="Default test" time="196.67" errors="0" timestamp="2022-12-03T21:31:49 GMT+07:00">
  <testcase classname="com.edu.graduationproject.test.CrudUser" name="testRegistration" time="38.227"/>
  <testcase classname="com.edu.graduationproject.test.CrudUser" name="testRegistration" time="38.285"/>
  <testcase classname="com.edu.graduationproject.test.CrudUser" name="testRegistration" time="38.468"/>
  <testcase classname="com.edu.graduationproject.test.CrudUser" name="testRegistration" time="38.175"/>
</testsuite> <!-- Default test -->
