<?xml version="1.0" encoding="UTF-8"?>
<!-- Generated by org.testng.reporters.JUnitXMLReporter -->
<testsuite ignored="0" hostname="Admin-PC" failures="0" tests="3" name="Default test" time="7.517" errors="0" timestamp="2022-10-19T16:44:14 GMT+07:00">
  <testcase classname="com.edu.graduationproject.test.ahha" name="f" time="1.22"/>
  <testcase classname="com.edu.graduationproject.test.ahha" name="FillloginDetails" time="0.221"/>
  <testcase classname="com.edu.graduationproject.test.ahha" name="dologinDetails" time="2.699"/>
</testsuite> <!-- Default test -->
